<?xml version="1.0" encoding="UTF-8"?>
<!-- Generated by org.testng.reporters.JUnitReportReporter -->
<testsuite hostname="Vertex-PC" name="pack_eImport.C_Customs_Destination_Approval" tests="2" failures="0" timestamp="20 Feb 2018 11:56:20 GMT" time="68.122" errors="0">
  <testcase name="Customs_Dest_Approval" time="53.588" classname="pack_eImport.C_Customs_Destination_Approval"/>
  <testcase name="Verify_Login" time="14.534" classname="pack_eImport.C_Customs_Destination_Approval"/>
</testsuite> <!-- pack_eImport.C_Customs_Destination_Approval -->
