<?xml version="1.0" encoding="UTF-8"?>
<!-- Generated by org.testng.reporters.JUnitReportReporter -->
<testsuite hostname="Vertex-PC" name="pack_eImport.D_Customs_Compliance_Origin" tests="2" failures="0" timestamp="20 Feb 2018 12:16:45 GMT" time="51.380" errors="0">
  <testcase name="Verify_Login" time="10.789" classname="pack_eImport.D_Customs_Compliance_Origin"/>
  <testcase name="Customs_Compliance_Origin" time="40.591" classname="pack_eImport.D_Customs_Compliance_Origin"/>
</testsuite> <!-- pack_eImport.D_Customs_Compliance_Origin -->
